[34m[1mwandb[39m[22m: [32m[41mERROR[39m[49m Invalid artifact path: viorel-alexandraa/Projects/YOLOv8/runs/train200
Traceback (most recent call last):
  File "D:\Faculty materials\BACHELORS-THESIS\.venv\lib\site-packages\wandb\apis\normalize.py", line 41, in wrapper
    return func(*args, **kwargs)
  File "D:\Faculty materials\BACHELORS-THESIS\.venv\lib\site-packages\wandb\apis\public\api.py", line 957, in artifact
    entity, project, artifact_name = self._parse_artifact_path(name)
  File "D:\Faculty materials\BACHELORS-THESIS\.venv\lib\site-packages\wandb\apis\public\api.py", line 622, in _parse_artifact_path
    raise ValueError("Invalid artifact path: %s" % path)
ValueError: Invalid artifact path: viorel-alexandraa/Projects/YOLOv8/runs/train200
During handling of the above exception, another exception occurred:
Traceback (most recent call last):
  File "D:\Faculty materials\BACHELORS-THESIS\YOLO\down.py", line 5, in <module>
    down = run.use_model("viorel-alexandraa/Projects/YOLOv8/runs/train200")
  File "D:\Faculty materials\BACHELORS-THESIS\.venv\lib\site-packages\wandb\sdk\wandb_run.py", line 371, in wrapper_fn
    return func(self, *args, **kwargs)
  File "D:\Faculty materials\BACHELORS-THESIS\.venv\lib\site-packages\wandb\sdk\wandb_run.py", line 361, in wrapper
    return func(self, *args, **kwargs)
  File "D:\Faculty materials\BACHELORS-THESIS\.venv\lib\site-packages\wandb\sdk\wandb_run.py", line 3293, in use_model
    artifact = self.use_artifact(artifact_or_name=name)
  File "D:\Faculty materials\BACHELORS-THESIS\.venv\lib\site-packages\wandb\sdk\wandb_run.py", line 371, in wrapper_fn
    return func(self, *args, **kwargs)
  File "D:\Faculty materials\BACHELORS-THESIS\.venv\lib\site-packages\wandb\sdk\wandb_run.py", line 361, in wrapper
    return func(self, *args, **kwargs)
  File "D:\Faculty materials\BACHELORS-THESIS\.venv\lib\site-packages\wandb\sdk\wandb_run.py", line 2859, in use_artifact
    artifact = public_api.artifact(type=type, name=name)
  File "D:\Faculty materials\BACHELORS-THESIS\.venv\lib\site-packages\wandb\apis\normalize.py", line 87, in wrapper
    raise CommError(message, err).with_traceback(sys.exc_info()[2])
  File "D:\Faculty materials\BACHELORS-THESIS\.venv\lib\site-packages\wandb\apis\normalize.py", line 41, in wrapper
    return func(*args, **kwargs)
  File "D:\Faculty materials\BACHELORS-THESIS\.venv\lib\site-packages\wandb\apis\public\api.py", line 957, in artifact
    entity, project, artifact_name = self._parse_artifact_path(name)
  File "D:\Faculty materials\BACHELORS-THESIS\.venv\lib\site-packages\wandb\apis\public\api.py", line 622, in _parse_artifact_path
    raise ValueError("Invalid artifact path: %s" % path)
wandb.errors.CommError: Invalid artifact path: viorel-alexandraa/Projects/YOLOv8/runs/train200